<?xml version="1.0" encoding="UTF-8"?>
<testsuite name="com.tourtrek.ExampleUnitTest" tests="1" skipped="0" failures="0" errors="0" timestamp="2020-12-05T08:24:32" hostname="DESKTOP-UCQ9A9O" time="0.0">
  <properties/>
  <testcase name="addition_isCorrect" classname="com.tourtrek.ExampleUnitTest" time="0.0"/>
  <system-out><![CDATA[]]></system-out>
  <system-err><![CDATA[]]></system-err>
</testsuite>
